#
# There is insufficient memory for the Java Runtime Environment to continue.
# Native memory allocation (mmap) failed to map 65536 bytes for Failed to commit metaspace.
# Possible reasons:
#   The system is out of physical RAM or swap space
#   The process is running with CompressedOops enabled, and the Java Heap may be blocking the growth of the native heap
# Possible solutions:
#   Reduce memory load on the system
#   Increase physical memory or swap space
#   Check if swap backing store is full
#   Decrease Java heap size (-Xmx/-Xms)
#   Decrease number of Java threads
#   Decrease Java thread stack sizes (-Xss)
#   Set larger code cache with -XX:ReservedCodeCacheSize=
#   JVM is running with Unscaled Compressed Oops mode in which the Java heap is
#     placed in the first 4GB address space. The Java Heap base address is the
#     maximum limit for the native heap growth. Please use -XX:HeapBaseMinAddress
#     to set the Java Heap base and to place the Java Heap above 4GB virtual address.
# This output file may be truncated or incomplete.
#
#  Out of Memory Error (virtualSpaceNode.cpp:112), pid=9064, tid=17084
#
# JRE version: Java(TM) SE Runtime Environment (21.0+35) (build 21+35-LTS-2513)
# Java VM: Java HotSpot(TM) 64-Bit Server VM (21+35-LTS-2513, mixed mode, sharing, tiered, compressed oops, compressed class ptrs, g1 gc, windows-amd64)
# No core dump will be written. Minidumps are not enabled by default on client versions of Windows
#

---------------  S U M M A R Y ------------

Command Line: -ea -Dfile.encoding=UTF-8 -Dstdout.encoding=UTF-8 -Dstderr.encoding=UTF-8 -XX:+ShowCodeDetailsInExceptionMessages org.testng.remote.RemoteTestNG -serport 64075 -protocol json -d C:\Users\Vadde\eclipse-workspace\Selenium-Project\test-output C:\Users\Vadde\AppData\Local\Temp\testng-eclipse-1190989734\testng-customsuite.xml

Host: Intel(R) Core(TM) i3-4030U CPU @ 1.90GHz, 4 cores, 3G,  Windows 10 , 64 bit Build 19041 (10.0.19041.3636)
Time: Tue Feb 20 21:09:42 2024 India Standard Time elapsed time: 1.394341 seconds (0d 0h 0m 1s)

---------------  T H R E A D  ---------------

Current thread (0x000001ce8c7a3130):  JavaThread "main"             [_thread_in_vm, id=17084, stack(0x0000009178600000,0x0000009178700000) (1024K)]

Stack: [0x0000009178600000,0x0000009178700000]
Native frames: (J=compiled Java code, j=interpreted, Vv=VM code, C=native code)
V  [jvm.dll+0x6c8d39]
V  [jvm.dll+0x854091]
V  [jvm.dll+0x85630e]
V  [jvm.dll+0x8569e3]
V  [jvm.dll+0x2809a6]
V  [jvm.dll+0x84fdce]
V  [jvm.dll+0x66c755]
V  [jvm.dll+0x66c7ba]
V  [jvm.dll+0x66efb6]
V  [jvm.dll+0x66ee82]
V  [jvm.dll+0x66d12e]
V  [jvm.dll+0x677367]
V  [jvm.dll+0x217923]
V  [jvm.dll+0x217e65]
V  [jvm.dll+0x218881]
V  [jvm.dll+0x20db1e]
V  [jvm.dll+0x5ac48c]
V  [jvm.dll+0x21f54a]
V  [jvm.dll+0x7cc981]
V  [jvm.dll+0x7cd9e5]
V  [jvm.dll+0x7cdf8f]
V  [jvm.dll+0x7cdc38]
V  [jvm.dll+0x26e97b]
V  [jvm.dll+0x3d34ae]
C  0x000001ce9e1ea7ff

The last pc belongs to new (printed below).
Java frames: (J=compiled Java code, j=interpreted, Vv=VM code)
j  jdk.internal.math.FloatingDecimal.<clinit>()V+72 java.base@21
v  ~StubRoutines::call_stub 0x000001ce9e1d100d
j  java.lang.Double.parseDouble(Ljava/lang/String;)D+1 java.base@21
j  java.security.Provider.parseVersionStr(Ljava/lang/String;)D+66 java.base@21
j  java.security.Provider.<init>(Ljava/lang/String;Ljava/lang/String;Ljava/lang/String;)V+26 java.base@21
j  sun.security.jca.ProviderList$1.<init>(Ljava/lang/String;Ljava/lang/String;Ljava/lang/String;)V+4 java.base@21
j  sun.security.jca.ProviderList.<clinit>()V+57 java.base@21
v  ~StubRoutines::call_stub 0x000001ce9e1d100d
j  sun.security.jca.Providers.<clinit>()V+10 java.base@21
v  ~StubRoutines::call_stub 0x000001ce9e1d100d
j  java.security.SecureRandom.getDefaultPRNG(Z[B)V+5 java.base@21
j  java.security.SecureRandom.<init>()V+23 java.base@21
j  java.util.UUID$Holder.<clinit>()V+4 java.base@21
v  ~StubRoutines::call_stub 0x000001ce9e1d100d
j  java.util.UUID.randomUUID()Ljava/util/UUID;+0 java.base@21
j  org.testng.xml.XmlTest.init(Lorg/testng/xml/XmlSuite;I)V+25
j  org.testng.xml.XmlTest.<init>(Lorg/testng/xml/XmlSuite;I)V+85
j  org.testng.xml.TestNGContentHandler.xmlTest(ZLorg/xml/sax/Attributes;)V+24
j  org.testng.xml.TestNGContentHandler.startElement(Ljava/lang/String;Ljava/lang/String;Ljava/lang/String;Lorg/xml/sax/Attributes;)V+114
j  com.sun.org.apache.xerces.internal.parsers.AbstractSAXParser.startElement(Lcom/sun/org/apache/xerces/internal/xni/QName;Lcom/sun/org/apache/xerces/internal/xni/XMLAttributes;Lcom/sun/org/apache/xerces/internal/xni/Augmentations;)V+297 java.xml@21
j  com.sun.org.apache.xerces.internal.impl.dtd.XMLDTDValidator.startElement(Lcom/sun/org/apache/xerces/internal/xni/QName;Lcom/sun/org/apache/xerces/internal/xni/XMLAttributes;Lcom/sun/org/apache/xerces/internal/xni/Augmentations;)V+22 java.xml@21
j  com.sun.org.apache.xerces.internal.impl.XMLDocumentFragmentScannerImpl.scanStartElement()Z+439 java.xml@21
j  com.sun.org.apache.xerces.internal.impl.XMLDocumentFragmentScannerImpl$FragmentContentDriver.next()I+427 java.xml@21
j  com.sun.org.apache.xerces.internal.impl.XMLDocumentScannerImpl.next()I+4 java.xml@21
j  com.sun.org.apache.xerces.internal.impl.XMLDocumentFragmentScannerImpl.scanDocument(Z)Z+312 java.xml@21
j  com.sun.org.apache.xerces.internal.parsers.XML11Configuration.parse(Z)Z+121 java.xml@21
j  com.sun.org.apache.xerces.internal.parsers.XML11Configuration.parse(Lcom/sun/org/apache/xerces/internal/xni/parser/XMLInputSource;)V+30 java.xml@21
j  com.sun.org.apache.xerces.internal.parsers.XMLParser.parse(Lcom/sun/org/apache/xerces/internal/xni/parser/XMLInputSource;)V+76 java.xml@21
j  com.sun.org.apache.xerces.internal.parsers.AbstractSAXParser.parse(Lorg/xml/sax/InputSource;)V+44 java.xml@21
j  com.sun.org.apache.xerces.internal.jaxp.SAXParserImpl$JAXPSAXParser.parse(Lorg/xml/sax/InputSource;)V+53 java.xml@21
j  com.sun.org.apache.xerces.internal.jaxp.SAXParserImpl.parse(Lorg/xml/sax/InputSource;Lorg/xml/sax/helpers/DefaultHandler;)V+61 java.xml@21
j  javax.xml.parsers.SAXParser.parse(Ljava/io/InputStream;Lorg/xml/sax/helpers/DefaultHandler;)V+26 java.xml@21
j  org.testng.xml.XMLParser.parse(Ljava/io/InputStream;Lorg/xml/sax/helpers/DefaultHandler;)V+11
j  org.testng.xml.SuiteXmlParser.parse(Ljava/lang/String;Ljava/io/InputStream;Z)Lorg/testng/xml/XmlSuite;+15
j  org.testng.xml.SuiteXmlParser.parse(Ljava/lang/String;Ljava/io/InputStream;Z)Ljava/lang/Object;+4
j  org.testng.xml.internal.Parser.parse()Ljava/util/Collection;+234
j  org.testng.xml.internal.Parser.parse(Ljava/lang/String;Lorg/testng/xml/IPostProcessor;)Ljava/util/Collection;+5
j  org.testng.TestNG.parseSuite(Ljava/lang/String;)Ljava/util/Collection;+26
j  org.testng.TestNG.initializeSuitesAndJarFile()V+61
j  org.testng.TestNG.initializeEverything()V+9
j  org.testng.remote.support.RemoteTestNG7_8.initialize()V+1
j  org.testng.remote.AbstractRemoteTestNG.run()V+27
j  org.testng.remote.RemoteTestNG.initAndRun(Lorg/testng/remote/IRemoteTestNG;[Ljava/lang/String;Lorg/testng/CommandLineArgs;Lorg/testng/remote/RemoteArgs;)V+169
j  org.testng.remote.RemoteTestNG.main([Ljava/lang/String;)V+188
v  ~StubRoutines::call_stub 0x000001ce9e1d100d
new  187 new  [0x000001ce9e1ea680, 0x000001ce9e1ea888]  520 bytes
[MachCode]
  0x000001ce9e1ea680: 4883 ec08 | c5fa 1104 | 24eb 1f48 | 83ec 10c5 | fb11 0424 | eb14 4883 | ec10 4889 | 0424 48c7 
  0x000001ce9e1ea6a0: 4424 0800 | 0000 00eb | 0150 410f | b755 010f | cac1 ea10 | 488b 4de8 | 488b 4908 | 488b 4908 
  0x000001ce9e1ea6c0: 488b 4108 | 807c 1004 | 070f 85d3 | 0000 0066 | 8b54 d148 | 488b 4928 | 488b 4cd1 | 0851 80b9 
  0x000001ce9e1ea6e0: 2001 0000 | 050f 85b6 | 0000 008b | 5108 f6c2 | 010f 85aa | 0000 0049 | 8b87 b801 | 0000 488d 
  0x000001ce9e1ea700: 1c10 493b | 9fc8 0100 | 000f 8792 | 0000 0049 | 899f b801 | 0000 4883 | ea10 0f84 | 0f00 0000 
  0x000001ce9e1ea720: 33c9 c1ea | 0348 894c | d008 48ff | ca75 f648 | c700 0100 | 0000 5933 | f689 700c | 49ba 0000 
  0x000001ce9e1ea740: 00aa ce01 | 0000 492b | ca89 4808 | 49ba 1a05 | c402 ff7f | 0000 4180 | 3a00 0f84 | 3c00 0000 
  0x000001ce9e1ea760: 5048 8bc8 | 4883 ec20 | 40f6 c40f | 0f84 1900 | 0000 4883 | ec08 48b8 | c0e8 7402 | ff7f 0000 
  0x000001ce9e1ea780: ffd0 4883 | c408 e90c | 0000 0048 | b8c0 e874 | 02ff 7f00 | 00ff d048 | 83c4 2058 | e9cb 0000 
  0x000001ce9e1ea7a0: 0059 488b | 55e8 488b | 5208 488b | 5208 450f | b745 0141 | 0fc8 41c1 | e810 e805 | 0000 00e9 
  0x000001ce9e1ea7c0: a800 0000 | 488d 4424 | 084c 896d | c049 8bcf | c5f8 7749 | 89af a803 | 0000 4989 | 8798 0300 
  0x000001ce9e1ea7e0: 0048 83ec | 2040 f6c4 | 0f0f 8419 | 0000 0048 | 83ec 0848 | b860 343f | 02ff 7f00 | 00ff d048 
  0x000001ce9e1ea800: 83c4 08e9 | 0c00 0000 | 48b8 6034 | 3f02 ff7f | 0000 ffd0 | 4883 c420 | 49c7 8798 | 0300 0000 
  0x000001ce9e1ea820: 0000 0049 | c787 a803 | 0000 0000 | 0000 49c7 | 87a0 0300 | 0000 0000 | 00c5 f877 | 4983 7f08 
  0x000001ce9e1ea840: 000f 8405 | 0000 00e9 | b466 feff | 498b 87f0 | 0300 0049 | c787 f003 | 0000 0000 | 0000 4c8b 
  0x000001ce9e1ea860: 6dc0 4c8b | 75c8 4e8d | 74f5 00c3 | 410f b65d | 0349 83c5 | 0349 bac0 | bec6 02ff | 7f00 0041 
  0x000001ce9e1ea880: ff24 da0f | 1f44 0000 
[/MachCode]

---------------  P R O C E S S  ---------------

Threads class SMR info:
_java_thread_list=0x000001ceef0e2d00, length=12, elements={
0x000001ce8c7a3130, 0x000001cea94addf0, 0x000001cea94b1d30, 0x000001cea94b4b10,
0x000001cea94b5670, 0x000001cea94b60d0, 0x000001cea94b6b30, 0x000001cea94b78c0,
0x000001cea952f4a0, 0x000001cea9712370, 0x000001cea971a360, 0x000001ceef0fbed0
}

Java Threads: ( => current thread )
=>0x000001ce8c7a3130 JavaThread "main"                              [_thread_in_vm, id=17084, stack(0x0000009178600000,0x0000009178700000) (1024K)]
  0x000001cea94addf0 JavaThread "Reference Handler"          daemon [_thread_blocked, id=7332, stack(0x0000009178e00000,0x0000009178f00000) (1024K)]
  0x000001cea94b1d30 JavaThread "Finalizer"                  daemon [_thread_blocked, id=17232, stack(0x0000009178f00000,0x0000009179000000) (1024K)]
  0x000001cea94b4b10 JavaThread "Signal Dispatcher"          daemon [_thread_blocked, id=4484, stack(0x0000009179000000,0x0000009179100000) (1024K)]
  0x000001cea94b5670 JavaThread "Attach Listener"            daemon [_thread_blocked, id=15976, stack(0x0000009179100000,0x0000009179200000) (1024K)]
  0x000001cea94b60d0 JavaThread "Service Thread"             daemon [_thread_blocked, id=12728, stack(0x0000009179200000,0x0000009179300000) (1024K)]
  0x000001cea94b6b30 JavaThread "Monitor Deflation Thread"   daemon [_thread_blocked, id=16728, stack(0x0000009179300000,0x0000009179400000) (1024K)]
  0x000001cea94b78c0 JavaThread "C2 CompilerThread0"         daemon [_thread_blocked, id=11492, stack(0x0000009179400000,0x0000009179500000) (1024K)]
  0x000001cea952f4a0 JavaThread "C1 CompilerThread0"         daemon [_thread_blocked, id=9176, stack(0x0000009179500000,0x0000009179600000) (1024K)]
  0x000001cea9712370 JavaThread "Notification Thread"        daemon [_thread_blocked, id=14004, stack(0x0000009179600000,0x0000009179700000) (1024K)]
  0x000001cea971a360 JavaThread "Common-Cleaner"             daemon [_thread_blocked, id=10632, stack(0x0000009179700000,0x0000009179800000) (1024K)]
  0x000001ceef0fbed0 JavaThread "ReaderThread"                      [_thread_in_native, id=8232, stack(0x0000009179900000,0x0000009179a00000) (1024K)]
Total: 12

Other Threads:
  0x000001ce8c77bae0 VMThread "VM Thread"                           [id=15220, stack(0x0000009178d00000,0x0000009178e00000) (1024K)]
  0x000001ce8e8ea610 WatcherThread "VM Periodic Task Thread"        [id=16508, stack(0x0000009178c00000,0x0000009178d00000) (1024K)]
  0x000001ce8c77d0a0 WorkerThread "GC Thread#0"                     [id=11364, stack(0x0000009178700000,0x0000009178800000) (1024K)]
  0x000001ce8e882480 ConcurrentGCThread "G1 Main Marker"            [id=8020, stack(0x0000009178800000,0x0000009178900000) (1024K)]
  0x000001ce8c77c5c0 WorkerThread "G1 Conc#0"                       [id=17096, stack(0x0000009178900000,0x0000009178a00000) (1024K)]
  0x000001ce8e8d7c80 ConcurrentGCThread "G1 Refine#0"               [id=14112, stack(0x0000009178a00000,0x0000009178b00000) (1024K)]
  0x000001ce8e8d8700 ConcurrentGCThread "G1 Service"                [id=13376, stack(0x0000009178b00000,0x0000009178c00000) (1024K)]
Total: 7

Threads with active compile tasks:
Total: 0

VM state: not at safepoint (normal execution)

VM Mutex/Monitor currently owned by a thread:  ([mutex/lock_event])
[0x00007fff02c564c8] Metaspace_lock - owner thread: 0x000001ce8c7a3130

Heap address: 0x00000000c1800000, size: 1000 MB, Compressed Oops mode: 32-bit

CDS archive(s) mapped at: [0x000001ceaa000000-0x000001ceaac90000-0x000001ceaac90000), size 13172736, SharedBaseAddress: 0x000001ceaa000000, ArchiveRelocationMode: 1.
Compressed class space mapped at: 0x000001ceab000000-0x000001ceeb000000, reserved size: 1073741824
Narrow klass base: 0x000001ceaa000000, Narrow klass shift: 0, Narrow klass range: 0x100000000

GC Precious Log:
 CardTable entry size: 512
 Card Set container configuration: InlinePtr #cards 5 size 8 Array Of Cards #cards 12 size 40 Howl #buckets 4 coarsen threshold 1843 Howl Bitmap #cards 512 size 80 coarsen threshold 460 Card regions per heap region 1 cards per card region 2048
 CPUs: 4 total, 4 available
 Memory: 3992M
 Large Page Support: Disabled
 NUMA Support: Disabled
 Compressed Oops: Enabled (32-bit)
 Heap Region Size: 1M
 Heap Min Capacity: 8M
 Heap Initial Capacity: 64M
 Heap Max Capacity: 1000M
 Pre-touch: Disabled
 Parallel Workers: 4
 Concurrent Workers: 1
 Concurrent Refinement Workers: 4
 Periodic GC: Disabled

Heap:
 garbage-first heap   total 65536K, used 7168K [0x00000000c1800000, 0x0000000100000000)
  region size 1024K, 9 young (9216K), 0 survivors (0K)
 Metaspace       used 4138K, committed 4288K, reserved 1114112K
  class space    used 427K, committed 512K, reserved 1048576K

Heap Regions: E=young(eden), S=young(survivor), O=old, HS=humongous(starts), HC=humongous(continues), CS=collection set, F=free, TAMS=top-at-mark-start, PB=parsable bottom
|   0|0x00000000c1800000, 0x00000000c1800000, 0x00000000c1900000|  0%| F|  |TAMS 0x00000000c1800000| PB 0x00000000c1800000| Untracked 
|   1|0x00000000c1900000, 0x00000000c1900000, 0x00000000c1a00000|  0%| F|  |TAMS 0x00000000c1900000| PB 0x00000000c1900000| Untracked 
|   2|0x00000000c1a00000, 0x00000000c1a00000, 0x00000000c1b00000|  0%| F|  |TAMS 0x00000000c1a00000| PB 0x00000000c1a00000| Untracked 
|   3|0x00000000c1b00000, 0x00000000c1b00000, 0x00000000c1c00000|  0%| F|  |TAMS 0x00000000c1b00000| PB 0x00000000c1b00000| Untracked 
|   4|0x00000000c1c00000, 0x00000000c1c00000, 0x00000000c1d00000|  0%| F|  |TAMS 0x00000000c1c00000| PB 0x00000000c1c00000| Untracked 
|   5|0x00000000c1d00000, 0x00000000c1d00000, 0x00000000c1e00000|  0%| F|  |TAMS 0x00000000c1d00000| PB 0x00000000c1d00000| Untracked 
|   6|0x00000000c1e00000, 0x00000000c1e00000, 0x00000000c1f00000|  0%| F|  |TAMS 0x00000000c1e00000| PB 0x00000000c1e00000| Untracked 
|   7|0x00000000c1f00000, 0x00000000c1f00000, 0x00000000c2000000|  0%| F|  |TAMS 0x00000000c1f00000| PB 0x00000000c1f00000| Untracked 
|   8|0x00000000c2000000, 0x00000000c2000000, 0x00000000c2100000|  0%| F|  |TAMS 0x00000000c2000000| PB 0x00000000c2000000| Untracked 
|   9|0x00000000c2100000, 0x00000000c2100000, 0x00000000c2200000|  0%| F|  |TAMS 0x00000000c2100000| PB 0x00000000c2100000| Untracked 
|  10|0x00000000c2200000, 0x00000000c2200000, 0x00000000c2300000|  0%| F|  |TAMS 0x00000000c2200000| PB 0x00000000c2200000| Untracked 
|  11|0x00000000c2300000, 0x00000000c2300000, 0x00000000c2400000|  0%| F|  |TAMS 0x00000000c2300000| PB 0x00000000c2300000| Untracked 
|  12|0x00000000c2400000, 0x00000000c2400000, 0x00000000c2500000|  0%| F|  |TAMS 0x00000000c2400000| PB 0x00000000c2400000| Untracked 
|  13|0x00000000c2500000, 0x00000000c2500000, 0x00000000c2600000|  0%| F|  |TAMS 0x00000000c2500000| PB 0x00000000c2500000| Untracked 
|  14|0x00000000c2600000, 0x00000000c2600000, 0x00000000c2700000|  0%| F|  |TAMS 0x00000000c2600000| PB 0x00000000c2600000| Untracked 
|  15|0x00000000c2700000, 0x00000000c2700000, 0x00000000c2800000|  0%| F|  |TAMS 0x00000000c2700000| PB 0x00000000c2700000| Untracked 
|  16|0x00000000c2800000, 0x00000000c2800000, 0x00000000c2900000|  0%| F|  |TAMS 0x00000000c2800000| PB 0x00000000c2800000| Untracked 
|  17|0x00000000c2900000, 0x00000000c2900000, 0x00000000c2a00000|  0%| F|  |TAMS 0x00000000c2900000| PB 0x00000000c2900000| Untracked 
|  18|0x00000000c2a00000, 0x00000000c2a00000, 0x00000000c2b00000|  0%| F|  |TAMS 0x00000000c2a00000| PB 0x00000000c2a00000| Untracked 
|  19|0x00000000c2b00000, 0x00000000c2b00000, 0x00000000c2c00000|  0%| F|  |TAMS 0x00000000c2b00000| PB 0x00000000c2b00000| Untracked 
|  20|0x00000000c2c00000, 0x00000000c2c00000, 0x00000000c2d00000|  0%| F|  |TAMS 0x00000000c2c00000| PB 0x00000000c2c00000| Untracked 
|  21|0x00000000c2d00000, 0x00000000c2d00000, 0x00000000c2e00000|  0%| F|  |TAMS 0x00000000c2d00000| PB 0x00000000c2d00000| Untracked 
|  22|0x00000000c2e00000, 0x00000000c2e00000, 0x00000000c2f00000|  0%| F|  |TAMS 0x00000000c2e00000| PB 0x00000000c2e00000| Untracked 
|  23|0x00000000c2f00000, 0x00000000c2f00000, 0x00000000c3000000|  0%| F|  |TAMS 0x00000000c2f00000| PB 0x00000000c2f00000| Untracked 
|  24|0x00000000c3000000, 0x00000000c3000000, 0x00000000c3100000|  0%| F|  |TAMS 0x00000000c3000000| PB 0x00000000c3000000| Untracked 
|  25|0x00000000c3100000, 0x00000000c3100000, 0x00000000c3200000|  0%| F|  |TAMS 0x00000000c3100000| PB 0x00000000c3100000| Untracked 
|  26|0x00000000c3200000, 0x00000000c3200000, 0x00000000c3300000|  0%| F|  |TAMS 0x00000000c3200000| PB 0x00000000c3200000| Untracked 
|  27|0x00000000c3300000, 0x00000000c3300000, 0x00000000c3400000|  0%| F|  |TAMS 0x00000000c3300000| PB 0x00000000c3300000| Untracked 
|  28|0x00000000c3400000, 0x00000000c3400000, 0x00000000c3500000|  0%| F|  |TAMS 0x00000000c3400000| PB 0x00000000c3400000| Untracked 
|  29|0x00000000c3500000, 0x00000000c3500000, 0x00000000c3600000|  0%| F|  |TAMS 0x00000000c3500000| PB 0x00000000c3500000| Untracked 
|  30|0x00000000c3600000, 0x00000000c3600000, 0x00000000c3700000|  0%| F|  |TAMS 0x00000000c3600000| PB 0x00000000c3600000| Untracked 
|  31|0x00000000c3700000, 0x00000000c3700000, 0x00000000c3800000|  0%| F|  |TAMS 0x00000000c3700000| PB 0x00000000c3700000| Untracked 
|  32|0x00000000c3800000, 0x00000000c3800000, 0x00000000c3900000|  0%| F|  |TAMS 0x00000000c3800000| PB 0x00000000c3800000| Untracked 
|  33|0x00000000c3900000, 0x00000000c3900000, 0x00000000c3a00000|  0%| F|  |TAMS 0x00000000c3900000| PB 0x00000000c3900000| Untracked 
|  34|0x00000000c3a00000, 0x00000000c3a00000, 0x00000000c3b00000|  0%| F|  |TAMS 0x00000000c3a00000| PB 0x00000000c3a00000| Untracked 
|  35|0x00000000c3b00000, 0x00000000c3b00000, 0x00000000c3c00000|  0%| F|  |TAMS 0x00000000c3b00000| PB 0x00000000c3b00000| Untracked 
|  36|0x00000000c3c00000, 0x00000000c3c00000, 0x00000000c3d00000|  0%| F|  |TAMS 0x00000000c3c00000| PB 0x00000000c3c00000| Untracked 
|  37|0x00000000c3d00000, 0x00000000c3d00000, 0x00000000c3e00000|  0%| F|  |TAMS 0x00000000c3d00000| PB 0x00000000c3d00000| Untracked 
|  38|0x00000000c3e00000, 0x00000000c3e00000, 0x00000000c3f00000|  0%| F|  |TAMS 0x00000000c3e00000| PB 0x00000000c3e00000| Untracked 
|  39|0x00000000c3f00000, 0x00000000c3f00000, 0x00000000c4000000|  0%| F|  |TAMS 0x00000000c3f00000| PB 0x00000000c3f00000| Untracked 
|  40|0x00000000c4000000, 0x00000000c4000000, 0x00000000c4100000|  0%| F|  |TAMS 0x00000000c4000000| PB 0x00000000c4000000| Untracked 
|  41|0x00000000c4100000, 0x00000000c4100000, 0x00000000c4200000|  0%| F|  |TAMS 0x00000000c4100000| PB 0x00000000c4100000| Untracked 
|  42|0x00000000c4200000, 0x00000000c4200000, 0x00000000c4300000|  0%| F|  |TAMS 0x00000000c4200000| PB 0x00000000c4200000| Untracked 
|  43|0x00000000c4300000, 0x00000000c4300000, 0x00000000c4400000|  0%| F|  |TAMS 0x00000000c4300000| PB 0x00000000c4300000| Untracked 
|  44|0x00000000c4400000, 0x00000000c4400000, 0x00000000c4500000|  0%| F|  |TAMS 0x00000000c4400000| PB 0x00000000c4400000| Untracked 
|  45|0x00000000c4500000, 0x00000000c4500000, 0x00000000c4600000|  0%| F|  |TAMS 0x00000000c4500000| PB 0x00000000c4500000| Untracked 
|  46|0x00000000c4600000, 0x00000000c4600000, 0x00000000c4700000|  0%| F|  |TAMS 0x00000000c4600000| PB 0x00000000c4600000| Untracked 
|  47|0x00000000c4700000, 0x00000000c4700000, 0x00000000c4800000|  0%| F|  |TAMS 0x00000000c4700000| PB 0x00000000c4700000| Untracked 
|  48|0x00000000c4800000, 0x00000000c4800000, 0x00000000c4900000|  0%| F|  |TAMS 0x00000000c4800000| PB 0x00000000c4800000| Untracked 
|  49|0x00000000c4900000, 0x00000000c4900000, 0x00000000c4a00000|  0%| F|  |TAMS 0x00000000c4900000| PB 0x00000000c4900000| Untracked 
|  50|0x00000000c4a00000, 0x00000000c4a00000, 0x00000000c4b00000|  0%| F|  |TAMS 0x00000000c4a00000| PB 0x00000000c4a00000| Untracked 
|  51|0x00000000c4b00000, 0x00000000c4b00000, 0x00000000c4c00000|  0%| F|  |TAMS 0x00000000c4b00000| PB 0x00000000c4b00000| Untracked 
|  52|0x00000000c4c00000, 0x00000000c4c00000, 0x00000000c4d00000|  0%| F|  |TAMS 0x00000000c4c00000| PB 0x00000000c4c00000| Untracked 
|  53|0x00000000c4d00000, 0x00000000c4d00000, 0x00000000c4e00000|  0%| F|  |TAMS 0x00000000c4d00000| PB 0x00000000c4d00000| Untracked 
|  54|0x00000000c4e00000, 0x00000000c4e00000, 0x00000000c4f00000|  0%| F|  |TAMS 0x00000000c4e00000| PB 0x00000000c4e00000| Untracked 
|  55|0x00000000c4f00000, 0x00000000c4f86470, 0x00000000c5000000| 52%| E|  |TAMS 0x00000000c4f00000| PB 0x00000000c4f00000| Complete 
|  56|0x00000000c5000000, 0x00000000c5100000, 0x00000000c5100000|100%| E|CS|TAMS 0x00000000c5000000| PB 0x00000000c5000000| Complete 
|  57|0x00000000c5100000, 0x00000000c5200000, 0x00000000c5200000|100%| E|CS|TAMS 0x00000000c5100000| PB 0x00000000c5100000| Complete 
|  58|0x00000000c5200000, 0x00000000c5300000, 0x00000000c5300000|100%| E|CS|TAMS 0x00000000c5200000| PB 0x00000000c5200000| Complete 
|  59|0x00000000c5300000, 0x00000000c5400000, 0x00000000c5400000|100%| E|CS|TAMS 0x00000000c5300000| PB 0x00000000c5300000| Complete 
|  60|0x00000000c5400000, 0x00000000c5500000, 0x00000000c5500000|100%| E|CS|TAMS 0x00000000c5400000| PB 0x00000000c5400000| Complete 
|  61|0x00000000c5500000, 0x00000000c5600000, 0x00000000c5600000|100%| E|  |TAMS 0x00000000c5500000| PB 0x00000000c5500000| Complete 
|  62|0x00000000c5600000, 0x00000000c5700000, 0x00000000c5700000|100%| E|CS|TAMS 0x00000000c5600000| PB 0x00000000c5600000| Complete 
|  63|0x00000000c5700000, 0x00000000c5800000, 0x00000000c5800000|100%| E|CS|TAMS 0x00000000c5700000| PB 0x00000000c5700000| Complete 

Card table byte_map: [0x000001cea5ea0000,0x000001cea60a0000] _byte_map_base: 0x000001cea5894000

Marking Bits: (CMBitMap*) 0x000001ce8e877d30
 Bits: [0x000001cea60a0000, 0x000001cea7040000)

Polling page: 0x000001ce8c710000

Metaspace:

Usage:
  Non-class:      3.62 MB used.
      Class:    427.12 KB used.
       Both:      4.04 MB used.

Virtual space:
  Non-class space:       64.00 MB reserved,       3.69 MB (  6%) committed,  1 nodes.
      Class space:        1.00 GB reserved,     512.00 KB ( <1%) committed,  1 nodes.
             Both:        1.06 GB reserved,       4.19 MB ( <1%) committed. 

Chunk freelists:
   Non-Class:  11.16 MB
       Class:  15.53 MB
        Both:  26.69 MB

MaxMetaspaceSize: unlimited
CompressedClassSpaceSize: 1.00 GB
Initial GC threshold: 21.00 MB
Current GC threshold: 21.00 MB
CDS: on
 - commit_granule_bytes: 65536.
 - commit_granule_words: 8192.
 - virtual_space_node_default_size: 8388608.
 - enlarge_chunks_in_place: 1.
 - use_allocation_guard: 0.


Internal statistics:

num_allocs_failed_limit: 0.
num_arena_births: 76.
num_arena_deaths: 0.
num_vsnodes_births: 2.
num_vsnodes_deaths: 0.
num_space_committed: 67.
num_space_uncommitted: 0.
num_chunks_returned_to_freelist: 0.
num_chunks_taken_from_freelist: 127.
num_chunk_merges: 0.
num_chunk_splits: 81.
num_chunks_enlarged: 57.
num_inconsistent_stats: 0.

CodeHeap 'non-profiled nmethods': size=120000Kb used=267Kb max_used=267Kb free=119732Kb
 bounds [0x000001ce9e770000, 0x000001ce9e9e0000, 0x000001cea5ca0000]
CodeHeap 'profiled nmethods': size=120000Kb used=1193Kb max_used=1193Kb free=118807Kb
 bounds [0x000001ce96ca0000, 0x000001ce96f10000, 0x000001ce9e1d0000]
CodeHeap 'non-nmethods': size=5760Kb used=1347Kb max_used=1365Kb free=4412Kb
 bounds [0x000001ce9e1d0000, 0x000001ce9e440000, 0x000001ce9e770000]
 total_blobs=1233 nmethods=779 adapters=359
 compilation: enabled
              stopped_count=0, restarted_count=0
 full_count=0

Compilation events (20 events):
Event: 1.377 Thread 0x000001cea952f4a0  773       3       com.sun.org.apache.xerces.internal.impl.XMLEntityScanner::skipString (122 bytes)
Event: 1.378 Thread 0x000001cea952f4a0 nmethod 773 0x000001ce96dc4310 code [0x000001ce96dc4560, 0x000001ce96dc4f38]
Event: 1.378 Thread 0x000001cea952f4a0  770       3       com.sun.org.apache.xerces.internal.impl.XMLDTDScannerImpl::skipSeparator (150 bytes)
Event: 1.378 Thread 0x000001cea952f4a0 nmethod 770 0x000001ce96dc5390 code [0x000001ce96dc5620, 0x000001ce96dc6080]
Event: 1.378 Thread 0x000001cea952f4a0  774       3       com.sun.org.apache.xerces.internal.impl.XMLDTDScannerImpl::scanningInternalSubset (13 bytes)
Event: 1.379 Thread 0x000001cea952f4a0 nmethod 774 0x000001ce96dc6390 code [0x000001ce96dc6520, 0x000001ce96dc6690]
Event: 1.379 Thread 0x000001cea952f4a0  772       3       java.lang.String::<init> (10 bytes)
Event: 1.379 Thread 0x000001cea952f4a0 nmethod 772 0x000001ce96dc6710 code [0x000001ce96dc68c0, 0x000001ce96dc6a10]
Event: 1.380 Thread 0x000001cea952f4a0  775       3       com.sun.org.apache.xerces.internal.xni.QName::setValues (33 bytes)
Event: 1.381 Thread 0x000001cea952f4a0 nmethod 775 0x000001ce96dc6b10 code [0x000001ce96dc6cc0, 0x000001ce96dc6f58]
Event: 1.381 Thread 0x000001cea952f4a0  776       3       com.sun.org.apache.xerces.internal.impl.dtd.DTDGrammar::getAttributeDecl (173 bytes)
Event: 1.381 Thread 0x000001cea952f4a0 nmethod 776 0x000001ce96dc7010 code [0x000001ce96dc7240, 0x000001ce96dc79b8]
Event: 1.381 Thread 0x000001cea952f4a0  777       3       com.sun.org.apache.xerces.internal.impl.dtd.XMLSimpleType::setValues (82 bytes)
Event: 1.382 Thread 0x000001cea952f4a0 nmethod 777 0x000001ce96dc7f10 code [0x000001ce96dc80e0, 0x000001ce96dc85e8]
Event: 1.382 Thread 0x000001cea952f4a0  778       3       java.lang.StringCoding::hasNegatives (16 bytes)
Event: 1.382 Thread 0x000001cea952f4a0 nmethod 778 0x000001ce96dc8710 code [0x000001ce96dc88c0, 0x000001ce96dc8b88]
Event: 1.382 Thread 0x000001cea952f4a0  779       3       java.lang.invoke.BoundMethodHandle$Species_L::make (11 bytes)
Event: 1.383 Thread 0x000001cea952f4a0 nmethod 779 0x000001ce96dc8d10 code [0x000001ce96dc8ec0, 0x000001ce96dc9128]
Event: 1.389 Thread 0x000001cea952f4a0  780       3       java.lang.StringLatin1::toLowerCase (186 bytes)
Event: 1.390 Thread 0x000001cea952f4a0 nmethod 780 0x000001ce96dc9210 code [0x000001ce96dc94a0, 0x000001ce96dc9fe0]

GC Heap History (0 events):
No events

Dll operation events (8 events):
Event: 0.013 Loaded shared library C:\Program Files\Java\jdk-21\bin\java.dll
Event: 0.090 Loaded shared library C:\Program Files\Java\jdk-21\bin\jsvml.dll
Event: 0.465 Loaded shared library C:\Program Files\Java\jdk-21\bin\net.dll
Event: 0.471 Loaded shared library C:\Program Files\Java\jdk-21\bin\nio.dll
Event: 0.485 Loaded shared library C:\Program Files\Java\jdk-21\bin\zip.dll
Event: 1.032 Loaded shared library C:\Program Files\Java\jdk-21\bin\jimage.dll
Event: 1.118 Loaded shared library C:\Program Files\Java\jdk-21\bin\verify.dll
Event: 1.260 Loaded shared library C:\Program Files\Java\jdk-21\bin\extnet.dll

Deoptimization events (16 events):
Event: 0.440 Thread 0x000001ce8c7a3130 Uncommon trap: trap_request=0xffffff45 fr.pc=0x000001ce9e7716e0 relative=0x00000000000000c0
Event: 0.440 Thread 0x000001ce8c7a3130 Uncommon trap: reason=unstable_if action=reinterpret pc=0x000001ce9e7716e0 method=java.lang.String.isLatin1()Z @ 10 c2
Event: 0.441 Thread 0x000001ce8c7a3130 DEOPT PACKING pc=0x000001ce9e7716e0 sp=0x00000091786fedb0
Event: 0.441 Thread 0x000001ce8c7a3130 DEOPT UNPACKING pc=0x000001ce9e2246a2 sp=0x00000091786fecf0 mode 2
Event: 0.643 Thread 0x000001ce8c7a3130 DEOPT PACKING pc=0x000001ce96cabf99 sp=0x00000091786f9ee0
Event: 0.643 Thread 0x000001ce8c7a3130 DEOPT UNPACKING pc=0x000001ce9e224e42 sp=0x00000091786f9300 mode 0
Event: 0.665 Thread 0x000001ce8c7a3130 DEOPT PACKING pc=0x000001ce96cabf99 sp=0x00000091786fa2d0
Event: 0.665 Thread 0x000001ce8c7a3130 DEOPT UNPACKING pc=0x000001ce9e224e42 sp=0x00000091786f96f0 mode 0
Event: 0.704 Thread 0x000001ce8c7a3130 DEOPT PACKING pc=0x000001ce96caa061 sp=0x00000091786f9eb0
Event: 0.704 Thread 0x000001ce8c7a3130 DEOPT UNPACKING pc=0x000001ce9e224e42 sp=0x00000091786f9318 mode 0
Event: 1.042 Thread 0x000001ce8c7a3130 Uncommon trap: trap_request=0xffffff45 fr.pc=0x000001ce9e77a510 relative=0x0000000000000070
Event: 1.042 Thread 0x000001ce8c7a3130 Uncommon trap: reason=unstable_if action=reinterpret pc=0x000001ce9e77a510 method=java.io.WinNTFileSystem.isSlash(C)Z @ 9 c2
Event: 1.042 Thread 0x000001ce8c7a3130 DEOPT PACKING pc=0x000001ce9e77a510 sp=0x00000091786fe970
Event: 1.042 Thread 0x000001ce8c7a3130 DEOPT UNPACKING pc=0x000001ce9e2246a2 sp=0x00000091786fe8f8 mode 2
Event: 1.153 Thread 0x000001ce8c7a3130 DEOPT PACKING pc=0x000001ce96ce9e15 sp=0x00000091786faef0
Event: 1.153 Thread 0x000001ce8c7a3130 DEOPT UNPACKING pc=0x000001ce9e224e42 sp=0x00000091786fa340 mode 0

Classes loaded (20 events):
Event: 1.387 Loading class sun/security/jca/Providers done
Event: 1.387 Loading class sun/security/jca/ProviderList
Event: 1.387 Loading class sun/security/jca/ProviderList done
Event: 1.387 Loading class sun/security/jca/ProviderConfig
Event: 1.387 Loading class sun/security/jca/ProviderConfig done
Event: 1.388 Loading class sun/security/jca/ProviderList$3
Event: 1.388 Loading class sun/security/jca/ProviderList$3 done
Event: 1.388 Loading class sun/security/jca/ProviderList$1
Event: 1.388 Loading class sun/security/jca/ProviderList$1 done
Event: 1.388 Loading class java/security/Provider$ServiceKey
Event: 1.388 Loading class java/security/Provider$ServiceKey done
Event: 1.388 Loading class java/security/Provider$EngineDescription
Event: 1.388 Loading class java/security/Provider$EngineDescription done
Event: 1.389 Loading class jdk/internal/math/FloatingDecimal
Event: 1.389 Loading class jdk/internal/math/FloatingDecimal done
Event: 1.389 Loading class jdk/internal/math/FloatingDecimal$ExceptionalBinaryToASCIIBuffer
Event: 1.390 Loading class jdk/internal/math/FloatingDecimal$BinaryToASCIIConverter
Event: 1.390 Loading class jdk/internal/math/FloatingDecimal$BinaryToASCIIConverter done
Event: 1.390 Loading class jdk/internal/math/FloatingDecimal$ExceptionalBinaryToASCIIBuffer done
Event: 1.390 Loading class jdk/internal/math/FloatingDecimal$BinaryToASCIIBuffer

Classes unloaded (0 events):
No events

Classes redefined (0 events):
No events

Internal exceptions (10 events):
Event: 0.982 Thread 0x000001ce8c7a3130 Exception <a 'java/lang/NoSuchMethodError'{0x00000000c53e86d0}: 'int java.lang.invoke.DirectMethodHandle$Holder.invokeSpecial(java.lang.Object, java.lang.Object, java.lang.Object)'> (0x00000000c53e86d0) 
thrown [s\open\src\hotspot\share\interpreter\linkResolver.cpp, line 773]
Event: 0.984 Thread 0x000001ce8c7a3130 Exception <a 'java/lang/NoSuchMethodError'{0x00000000c53f2d98}: 'void java.lang.invoke.DelegatingMethodHandle$Holder.reinvoke_L(java.lang.Object, java.lang.Object, int)'> (0x00000000c53f2d98) 
thrown [s\open\src\hotspot\share\interpreter\linkResolver.cpp, line 773]
Event: 0.985 Thread 0x000001ce8c7a3130 Exception <a 'java/lang/NoSuchMethodError'{0x00000000c53f9658}: 'int java.lang.invoke.Invokers$Holder.invokeExact_MT(java.lang.Object, java.lang.Object, java.lang.Object)'> (0x00000000c53f9658) 
thrown [s\open\src\hotspot\share\interpreter\linkResolver.cpp, line 773]
Event: 1.005 Thread 0x000001ce8c7a3130 Exception <a 'java/lang/NoSuchMethodError'{0x00000000c52222a0}: 'void java.lang.invoke.Invokers$Holder.invokeExact_MT(java.lang.Object, java.lang.Object, java.lang.Object, java.lang.Object)'> (0x00000000c52222a0) 
thrown [s\open\src\hotspot\share\interpreter\linkResolver.cpp, line 773]
Event: 1.129 Thread 0x000001ce8c7a3130 Exception <a 'java/lang/NoClassDefFoundError'{0x00000000c52f21f8}: org/slf4j/impl/StaticLoggerBinder> (0x00000000c52f21f8) 
thrown [s\open\src\hotspot\share\classfile\systemDictionary.cpp, line 301]
Event: 1.171 Thread 0x000001ce8c7a3130 Exception <a 'java/lang/NoSuchMethodError'{0x00000000c5159e58}: 'int java.lang.invoke.DirectMethodHandle$Holder.invokeStaticInit(java.lang.Object, java.lang.Object)'> (0x00000000c5159e58) 
thrown [s\open\src\hotspot\share\interpreter\linkResolver.cpp, line 773]
Event: 1.204 Thread 0x000001ce8c7a3130 Exception <a 'java/lang/NoSuchMethodError'{0x00000000c51b4608}: 'void java.lang.invoke.DirectMethodHandle$Holder.invokeSpecial(java.lang.Object, java.lang.Object, java.lang.Object)'> (0x00000000c51b4608) 
thrown [s\open\src\hotspot\share\interpreter\linkResolver.cpp, line 773]
Event: 1.206 Thread 0x000001ce8c7a3130 Exception <a 'java/lang/NoSuchMethodError'{0x00000000c51ba228}: 'void java.lang.invoke.DirectMethodHandle$Holder.invokeVirtual(java.lang.Object, java.lang.Object, int)'> (0x00000000c51ba228) 
thrown [s\open\src\hotspot\share\interpreter\linkResolver.cpp, line 773]
Event: 1.262 Thread 0x000001ce8c7a3130 Exception <a 'java/lang/NoSuchMethodError'{0x00000000c50354c0}: 'void java.lang.invoke.DirectMethodHandle$Holder.invokeStatic(java.lang.Object, java.lang.Object)'> (0x00000000c50354c0) 
thrown [s\open\src\hotspot\share\interpreter\linkResolver.cpp, line 773]
Event: 1.340 Thread 0x000001ce8c7a3130 Exception <a 'java/lang/ClassNotFoundException'{0x00000000c50e2420}: com/sun/org/apache/xerces/internal/impl/msg/spi/SAXMessagesProvider> (0x00000000c50e2420) 
thrown [s\open\src\hotspot\share\classfile\systemDictionary.cpp, line 312]

ZGC Phase Switch (0 events):
No events

VM Operations (12 events):
Event: 0.487 Executing VM operation: HandshakeAllThreads (Deoptimize)
Event: 0.487 Executing VM operation: HandshakeAllThreads (Deoptimize) done
Event: 1.024 Executing VM operation: HandshakeAllThreads (Deoptimize)
Event: 1.024 Executing VM operation: HandshakeAllThreads (Deoptimize) done
Event: 1.041 Executing VM operation: HandshakeAllThreads (Deoptimize)
Event: 1.041 Executing VM operation: HandshakeAllThreads (Deoptimize) done
Event: 1.214 Executing VM operation: HandshakeAllThreads (Deoptimize)
Event: 1.214 Executing VM operation: HandshakeAllThreads (Deoptimize) done
Event: 1.214 Executing VM operation: Cleanup
Event: 1.214 Executing VM operation: Cleanup done
Event: 1.387 Executing VM operation: HandshakeAllThreads (Deoptimize)
Event: 1.387 Executing VM operation: HandshakeAllThreads (Deoptimize) done

Events (12 events):
Event: 0.045 Thread 0x000001ce8c7a3130 Thread added: 0x000001ce8c7a3130
Event: 0.084 Thread 0x000001cea94addf0 Thread added: 0x000001cea94addf0
Event: 0.085 Thread 0x000001cea94b1d30 Thread added: 0x000001cea94b1d30
Event: 0.086 Thread 0x000001cea94b4b10 Thread added: 0x000001cea94b4b10
Event: 0.086 Thread 0x000001cea94b5670 Thread added: 0x000001cea94b5670
Event: 0.086 Thread 0x000001cea94b60d0 Thread added: 0x000001cea94b60d0
Event: 0.087 Thread 0x000001cea94b6b30 Thread added: 0x000001cea94b6b30
Event: 0.087 Thread 0x000001cea94b78c0 Thread added: 0x000001cea94b78c0
Event: 0.098 Thread 0x000001cea952f4a0 Thread added: 0x000001cea952f4a0
Event: 0.436 Thread 0x000001cea9712370 Thread added: 0x000001cea9712370
Event: 0.458 Thread 0x000001cea971a360 Thread added: 0x000001cea971a360
Event: 1.270 Thread 0x000001ceef0fbed0 Thread added: 0x000001ceef0fbed0


Dynamic libraries:
0x00007ff6de4c0000 - 0x00007ff6de4d0000 	C:\Program Files\Java\jdk-21\bin\javaw.exe
0x00007fff35310000 - 0x00007fff35508000 	C:\WINDOWS\SYSTEM32\ntdll.dll
0x00007fff33650000 - 0x00007fff3370d000 	C:\WINDOWS\System32\KERNEL32.DLL
0x00007fff32ea0000 - 0x00007fff33196000 	C:\WINDOWS\System32\KERNELBASE.dll
0x00007fff32a70000 - 0x00007fff32b70000 	C:\WINDOWS\System32\ucrtbase.dll
0x00007fff24310000 - 0x00007fff24329000 	C:\Program Files\Java\jdk-21\bin\jli.dll
0x00007fff22670000 - 0x00007fff2268b000 	C:\Program Files\Java\jdk-21\bin\VCRUNTIME140.dll
0x00007fff34480000 - 0x00007fff34533000 	C:\WINDOWS\System32\ADVAPI32.dll
0x00007fff333e0000 - 0x00007fff3347e000 	C:\WINDOWS\System32\msvcrt.dll
0x00007fff338b0000 - 0x00007fff3394f000 	C:\WINDOWS\System32\sechost.dll
0x00007fff34820000 - 0x00007fff34946000 	C:\WINDOWS\System32\RPCRT4.dll
0x00007fff32cb0000 - 0x00007fff32cd7000 	C:\WINDOWS\System32\bcrypt.dll
0x00007fff33710000 - 0x00007fff338ae000 	C:\WINDOWS\System32\USER32.dll
0x00007fff32e00000 - 0x00007fff32e22000 	C:\WINDOWS\System32\win32u.dll
0x00007fff18940000 - 0x00007fff18bda000 	C:\WINDOWS\WinSxS\amd64_microsoft.windows.common-controls_6595b64144ccf1df_6.0.19041.3636_none_60b6a03d71f818d5\COMCTL32.dll
0x00007fff333b0000 - 0x00007fff333db000 	C:\WINDOWS\System32\GDI32.dll
0x00007fff32ce0000 - 0x00007fff32df7000 	C:\WINDOWS\System32\gdi32full.dll
0x00007fff329d0000 - 0x00007fff32a6d000 	C:\WINDOWS\System32\msvcp_win.dll
0x00007fff2c880000 - 0x00007fff2c88a000 	C:\WINDOWS\SYSTEM32\VERSION.dll
0x00007fff34a20000 - 0x00007fff34a52000 	C:\WINDOWS\System32\IMM32.DLL
0x00007fff24e50000 - 0x00007fff24e5c000 	C:\Program Files\Java\jdk-21\bin\vcruntime140_1.dll
0x00007fff1c530000 - 0x00007fff1c5be000 	C:\Program Files\Java\jdk-21\bin\msvcp140.dll
0x00007fff02020000 - 0x00007fff02d33000 	C:\Program Files\Java\jdk-21\bin\server\jvm.dll
0x00007fff33f50000 - 0x00007fff33fbb000 	C:\WINDOWS\System32\WS2_32.dll
0x00007fff2baa0000 - 0x00007fff2bac7000 	C:\WINDOWS\SYSTEM32\WINMM.dll
0x00007fff31f20000 - 0x00007fff31f6b000 	C:\WINDOWS\SYSTEM32\POWRPROF.dll
0x00007fff31de0000 - 0x00007fff31df2000 	C:\WINDOWS\SYSTEM32\UMPDC.dll
0x00007fff30880000 - 0x00007fff30892000 	C:\WINDOWS\SYSTEM32\kernel.appcore.dll
0x00007fff28fb0000 - 0x00007fff28fba000 	C:\Program Files\Java\jdk-21\bin\jimage.dll
0x00007fff28d40000 - 0x00007fff28f24000 	C:\WINDOWS\SYSTEM32\DBGHELP.DLL
0x00007fff28d00000 - 0x00007fff28d34000 	C:\WINDOWS\SYSTEM32\dbgcore.DLL
0x00007fff32b70000 - 0x00007fff32bf2000 	C:\WINDOWS\System32\bcryptPrimitives.dll
0x00007fff26ae0000 - 0x00007fff26aff000 	C:\Program Files\Java\jdk-21\bin\java.dll
0x00007fff34b60000 - 0x00007fff352a5000 	C:\WINDOWS\System32\SHELL32.dll
0x00007fff30a80000 - 0x00007fff3121c000 	C:\WINDOWS\SYSTEM32\windows.storage.dll
0x00007fff34120000 - 0x00007fff34474000 	C:\WINDOWS\System32\combase.dll
0x00007fff32400000 - 0x00007fff3242e000 	C:\WINDOWS\SYSTEM32\Wldp.dll
0x00007fff34950000 - 0x00007fff34a1d000 	C:\WINDOWS\System32\OLEAUT32.dll
0x00007fff34070000 - 0x00007fff3411d000 	C:\WINDOWS\System32\SHCORE.dll
0x00007fff33a80000 - 0x00007fff33ad5000 	C:\WINDOWS\System32\shlwapi.dll
0x00007fff32900000 - 0x00007fff32925000 	C:\WINDOWS\SYSTEM32\profapi.dll
0x00007fff1c7d0000 - 0x00007fff1c8a7000 	C:\Program Files\Java\jdk-21\bin\jsvml.dll
0x00007fff257e0000 - 0x00007fff257f0000 	C:\Program Files\Java\jdk-21\bin\net.dll
0x00007fff2ac80000 - 0x00007fff2ad8a000 	C:\WINDOWS\SYSTEM32\WINHTTP.dll
0x00007fff32160000 - 0x00007fff321ca000 	C:\WINDOWS\system32\mswsock.dll
0x00007fff252b0000 - 0x00007fff252c6000 	C:\Program Files\Java\jdk-21\bin\nio.dll
0x00007fff24dc0000 - 0x00007fff24dd8000 	C:\Program Files\Java\jdk-21\bin\zip.dll
0x00007fff257d0000 - 0x00007fff257e0000 	C:\Program Files\Java\jdk-21\bin\verify.dll
0x00007fff31e40000 - 0x00007fff31f0b000 	C:\WINDOWS\SYSTEM32\DNSAPI.dll
0x00007fff31e00000 - 0x00007fff31e3b000 	C:\WINDOWS\SYSTEM32\IPHLPAPI.DLL
0x00007fff34a60000 - 0x00007fff34a68000 	C:\WINDOWS\System32\NSI.dll
0x00007fff299e0000 - 0x00007fff299ea000 	C:\Windows\System32\rasadhlp.dll
0x00007fff29960000 - 0x00007fff299e0000 	C:\WINDOWS\System32\fwpuclnt.dll
0x00007fff25300000 - 0x00007fff25307000 	C:\Program Files\Java\jdk-21\bin\extnet.dll

dbghelp: loaded successfully - version: 4.0.5 - missing functions: none
symbol engine: initialized successfully - sym options: 0x614 - pdb path: .;C:\Program Files\Java\jdk-21\bin;C:\WINDOWS\SYSTEM32;C:\WINDOWS\WinSxS\amd64_microsoft.windows.common-controls_6595b64144ccf1df_6.0.19041.3636_none_60b6a03d71f818d5;C:\Program Files\Java\jdk-21\bin\server

VM Arguments:
jvm_args: -ea -Dfile.encoding=UTF-8 -Dstdout.encoding=UTF-8 -Dstderr.encoding=UTF-8 -XX:+ShowCodeDetailsInExceptionMessages 
java_command: org.testng.remote.RemoteTestNG -serport 64075 -protocol json -d C:\Users\Vadde\eclipse-workspace\Selenium-Project\test-output C:\Users\Vadde\AppData\Local\Temp\testng-eclipse-1190989734\testng-customsuite.xml
java_class_path (initial): C:\Users\Vadde\eclipse\java-2023-093\eclipse\configuration\org.eclipse.osgi\521\0\.cp\lib\testng-remote.jar;C:\Users\Vadde\eclipse-workspace\Selenium-Project\target\test-classes;C:\Users\Vadde\eclipse-workspace\Selenium-Project\target\classes;C:\Users\Vadde\.m2\repository\org\seleniumhq\selenium\selenium-java\4.16.1\selenium-java-4.16.1.jar;C:\Users\Vadde\.m2\repository\org\seleniumhq\selenium\selenium-api\4.16.1\selenium-api-4.16.1.jar;C:\Users\Vadde\.m2\repository\org\seleniumhq\selenium\selenium-chrome-driver\4.16.1\selenium-chrome-driver-4.16.1.jar;C:\Users\Vadde\.m2\repository\com\google\auto\service\auto-service-annotations\1.1.1\auto-service-annotations-1.1.1.jar;C:\Users\Vadde\.m2\repository\org\seleniumhq\selenium\selenium-chromium-driver\4.16.1\selenium-chromium-driver-4.16.1.jar;C:\Users\Vadde\.m2\repository\org\seleniumhq\selenium\selenium-json\4.16.1\selenium-json-4.16.1.jar;C:\Users\Vadde\.m2\repository\org\seleniumhq\selenium\selenium-manager\4.16.1\selenium-manager-4.16.1.jar;C:\Users\Vadde\.m2\repository\org\seleniumhq\selenium\selenium-devtools-v118\4.16.1\selenium-devtools-v118-4.16.1.jar;C:\Users\Vadde\.m2\repository\org\seleniumhq\selenium\selenium-devtools-v119\4.16.1\selenium-devtools-v119-4.16.1.jar;C:\Users\Vadde\.m2\repository\org\seleniumhq\selenium\selenium-devtools-v120\4.16.1\selenium-devtools-v120-4.16.1.jar;C:\Users\Vadde\.m2\repository\org\seleniumhq\selenium\selenium-devtools-v85\4.16.1\selenium-devtools-v85-4.16.1.jar;C:\Users\Vadde\.m2\repository\org\seleniumhq\selenium\selenium-edge-driver\4.16.1\selenium-edge-driver-4.16.1.jar;C:\Users\Vadde\.m2\repository\org\seleniumhq\selenium\selenium-firefox-driver\4.16.1\selenium-firefox-driver-4.16.1.jar;C:\Users\Vadde\.m2\repository\org\seleniumhq\selenium\selenium-http\4.16.1\selenium-http-4.16.1.jar;C:\Users\Vadde\.m2\repository\dev\failsafe\failsafe\3.3.2\failsafe-3.3.2.jar;C:\Users\Vadde\.m2\repository\org\seleniumhq\selenium\selenium-ie-driver\4.16.1\selenium-ie-driver-4.16.1.jar;C:\Users\Vadde\.m2\repository\org\seleniumhq\selenium\selenium-remote-driver\4.16.1\selenium-remote-driver-4.16.1.jar;C:\Users\Vadde\.m2\repository\com\google\guava\guava\32.1.2-jre\guava-32.1.2-jre.jar;C:\Users\Vadde\.m2\repository\com\google\guava\failureaccess\1.0.1\failureaccess-1.0.1.jar;C:\Users\Vadde\.m2\repository\com\google\guava\listenablefuture\9999.0-empty-to-avoid-conflict-with-guava\listenablefuture-9999.0-empty-to-avoid-conflict-with-guava.jar;C:\Users\Vadde\.m2\repository\com\google\code\findbugs\jsr305\3.0.2\jsr305-3.0.2.jar;C:\Users\Vadde\.m2\repository\org\checkerframework\checker-qual\3.33.0\checker-qual-3.33.0.jar;C:\Users\Vadde\.m2\repository\com\google\errorprone\error_prone_annotations\2.18.0\error_prone_annotations-2.18.0.jar;C:\Users\Vadde\.m2\repository\com\google\j2objc\j2objc-annotations\2.8\j2objc-annotations-2.8.jar;C:\Users\Vadde\.m2\repository\io\opentelemetry\opentelemetry-api\1.28.0\opentelemetry-api-1.28.0.jar;C:\Users\Vadde\.m2\repository\io\opentelemetry\opentelemetry-context\1.28.0\opentelemetry-context-1.28.0.jar;C:\Users\Vadde\.m2\repository\io\opentelemetry\opentelemetry-exporter-logging\1.28.0\opentelemetry-exporter-logging-1.28.0.jar;C:\Users\Vadde\.m2\repository\io\opentelemetry\opentelemetry-sdk-metrics\1.28.0\opentelemetry-sdk-metrics-1.28.0.jar;C:\Users\Vadde\.m2\repository\io\opentelemetry\opentelemetry-extension-incubator\1.28.0-alpha\opentelemetry-extension-incubator-1.28.0-alpha.jar;C:\Users\Vadde\.m2\repository\io\opentelemetry\opentelemetry-sdk-logs\1.28.0\opentelemetry-sdk-logs-1.28.0.jar;C:\Users\Vadde\.m2\repository\io\opentelemetry\opentelemetry-sdk-common\1.28.0\opentelemetry-sdk-common-1.28.0.jar;C:\Users\Vadde\.m2\repository\io\opentelemetry\opentelemetry-sdk-extension-autoconfigure-spi\1.28.0\opentelemetry-sdk-extension-autoconfigure-spi-1.28.0.jar;C:\Users\Vadde\.m2\repository\io\opentelemetry\opentelemetry-sdk-extension-autoconfigure\1.28.0\opentelemetry-sdk-extension-autoconfigure-1.28.0.jar;C:\Users\Vadde\.m2\repository\io\opentelemetry\opentelemetry-api-events\1.28.0-alpha\opentelemetry-api-events-1.28.0-alpha.jar;C:\Users\Vadde\.m2\repository\io\opentelemetry\opentelemetry-sdk-trace\1.28.0\opentelemetry-sdk-trace-1.28.0.jar;C:\Users\Vadde\.m2\repository\io\opentelemetry\opentelemetry-sdk\1.28.0\opentelemetry-sdk-1.28.0.jar;C:\Users\Vadde\.m2\repository\io\opentelemetry\opentelemetry-semconv\1.28.0-alpha\opentelemetry-semconv-1.28.0-alpha.jar;C:\Users\Vadde\.m2\repository\net\bytebuddy\byte-buddy\1.14.5\byte-buddy-1.14.5.jar;C:\Users\Vadde\.m2\repository\org\seleniumhq\selenium\selenium-os\4.16.1\selenium-os-4.16.1.jar;C:\Users\Vadde\.m2\repository\org\apache\commons\commons-exec\1.3\commons-exec-1.3.jar;C:\Users\Vadde\.m2\repository\org\seleniumhq\selenium\selenium-safari-driver\4.16.1\selenium-safari-driver-4.16.1.jar;C:\Users\Vadde\.m2\repository\org\seleniumhq\selenium\selenium-support\4.16.1\selenium-support-4.16.1.jar;C:\Users\Vadde\.m2\repository\org\testng\testng\7.8.0\testng-7.8.0.jar;C:\Users\Vadde\.m2\repository\org\slf4j\slf4j-api\1.7.36\slf4j-api-1.7.36.jar;C:\Users\Vadde\.m2\repository\com\beust\jcommander\1.82\jcommander-1.82.jar;C:\Users\Vadde\.m2\repository\org\webjars\jquery\3.6.1\jquery-3.6.1.jar;C:\Users\Vadde\.m2\repository\junit\junit\4.11\junit-4.11.jar;C:\Users\Vadde\.m2\repository\org\hamcrest\hamcrest-core\1.3\hamcrest-core-1.3.jar
Launcher Type: SUN_STANDARD

[Global flags]
     intx CICompilerCount                          = 3                                         {product} {ergonomic}
     uint ConcGCThreads                            = 1                                         {product} {ergonomic}
     uint G1ConcRefinementThreads                  = 4                                         {product} {ergonomic}
   size_t G1HeapRegionSize                         = 1048576                                   {product} {ergonomic}
    uintx GCDrainStackTargetSize                   = 64                                        {product} {ergonomic}
   size_t InitialHeapSize                          = 67108864                                  {product} {ergonomic}
   size_t MarkStackSize                            = 4194304                                   {product} {ergonomic}
   size_t MaxHeapSize                              = 1048576000                                {product} {ergonomic}
   size_t MaxNewSize                               = 629145600                                 {product} {ergonomic}
   size_t MinHeapDeltaBytes                        = 1048576                                   {product} {ergonomic}
   size_t MinHeapSize                              = 8388608                                   {product} {ergonomic}
    uintx NonNMethodCodeHeapSize                   = 5832780                                {pd product} {ergonomic}
    uintx NonProfiledCodeHeapSize                  = 122912730                              {pd product} {ergonomic}
    uintx ProfiledCodeHeapSize                     = 122912730                              {pd product} {ergonomic}
    uintx ReservedCodeCacheSize                    = 251658240                              {pd product} {ergonomic}
     bool SegmentedCodeCache                       = true                                      {product} {ergonomic}
     bool ShowCodeDetailsInExceptionMessages       = true                                   {manageable} {command line}
   size_t SoftMaxHeapSize                          = 1048576000                             {manageable} {ergonomic}
     bool UseCompressedOops                        = true                           {product lp64_product} {ergonomic}
     bool UseG1GC                                  = true                                      {product} {ergonomic}
     bool UseLargePagesIndividualAllocation        = false                                  {pd product} {ergonomic}

Logging:
Log output configuration:
 #0: stdout all=warning uptime,level,tags foldmultilines=false
 #1: stderr all=off uptime,level,tags foldmultilines=false

Environment Variables:
PATH=C:/Program Files/Java/jdk-21/bin/server;C:/Program Files/Java/jdk-21/bin;C:\WINDOWS\system32;C:\WINDOWS;C:\WINDOWS\System32\Wbem;C:\WINDOWS\System32\WindowsPowerShell\v1.0\;C:\WINDOWS\System32\OpenSSH\;C:\Program Files\Java\jdk-21\bin;C:\Program Files\apache-maven-3.8.8-bin\apache-maven-3.8.8\bin;C:\Users\Vadde\AppData\Local\Microsoft\WindowsApps;;C:\Users\Vadde\Desktop;
USERNAME=Vadde
OS=Windows_NT
PROCESSOR_IDENTIFIER=Intel64 Family 6 Model 69 Stepping 1, GenuineIntel
TMP=C:\Users\Vadde\AppData\Local\Temp
TEMP=C:\Users\Vadde\AppData\Local\Temp




---------------  S Y S T E M  ---------------

OS:
 Windows 10 , 64 bit Build 19041 (10.0.19041.3636)
OS uptime: 4 days 4:41 hours

CPU: total 4 (initial active 4) (2 cores per cpu, 2 threads per core) family 6 model 69 stepping 1 microcode 0x25, cx8, cmov, fxsr, ht, mmx, sse, sse2, sse3, ssse3, sse4.1, sse4.2, popcnt, lzcnt, tsc, tscinvbit, avx, avx2, aes, erms, clmul, bmi1, bmi2, fma, vzeroupper, clflush, rdtscp, f16c
Processor Information for all 4 processors :
  Max Mhz: 1900, Current Mhz: 1300, Mhz Limit: 1900

Memory: 4k page, system-wide physical 3992M (557M free)
TotalPageFile size 16280M (AvailPageFile size 4M)
current process WorkingSet (physical memory assigned to process): 53M, peak: 53M
current process commit charge ("private bytes"): 143M, peak: 143M

vm_info: Java HotSpot(TM) 64-Bit Server VM (21+35-LTS-2513) for windows-amd64 JRE (21+35-LTS-2513), built on 2023-08-09T20:25:10Z by "mach5one" with MS VC++ 17.1 (VS2022)

END.
